\BOOKMARK [1][]{section*.1}{\376\377\000\315\000n\000d\000i\000c\000e}{}% 1
\BOOKMARK [1][]{section.1}{\376\377\0001\000\040\000I\000n\000t\000r\000o\000d\000u\000\347\000\343\000o}{}% 2
\BOOKMARK [1][]{section.2}{\376\377\0002\000\040\000O\000b\000j\000e\000t\000i\000v\000o\000s}{}% 3
\BOOKMARK [2][]{subsection.2.1}{\376\377\0002\000.\0001\000\040\000O\000b\000j\000e\000t\000i\000v\000o\000\040\000G\000e\000r\000a\000l}{section.2}% 4
\BOOKMARK [2][]{subsection.2.2}{\376\377\0002\000.\0002\000\040\000O\000b\000j\000e\000t\000i\000v\000o\000s\000\040\000E\000s\000p\000e\000c\000\355\000f\000i\000c\000o\000s}{section.2}% 5
\BOOKMARK [1][]{section.3}{\376\377\0003\000\040\000C\000i\000r\000c\000u\000i\000t\000o\000\040\000e\000m\000\040\000E\000s\000t\000u\000d\000o}{}% 6
\BOOKMARK [1][]{section.4}{\376\377\0004\000\040\000M\000e\000t\000o\000d\000o\000l\000o\000g\000i\000a}{}% 7
\BOOKMARK [2][]{subsection.4.1}{\376\377\0004\000.\0001\000\040\000S\000o\000f\000t\000w\000a\000r\000e\000\040\000e\000\040\000F\000e\000r\000r\000a\000m\000e\000n\000t\000a\000s}{section.4}% 8
\BOOKMARK [2][]{subsection.4.2}{\376\377\0004\000.\0002\000\040\000P\000a\000r\000\342\000m\000e\000t\000r\000o\000s\000\040\000d\000a\000\040\000S\000i\000m\000u\000l\000a\000\347\000\343\000o}{section.4}% 9
\BOOKMARK [2][]{subsection.4.3}{\376\377\0004\000.\0003\000\040\000M\000e\000t\000o\000d\000o\000l\000o\000g\000i\000a\000\040\000d\000e\000\040\000A\000n\000\341\000l\000i\000s\000e\000\040\000d\000e\000\040\000I\000n\000c\000e\000r\000t\000e\000z\000a\000s}{section.4}% 10
\BOOKMARK [1][]{section.5}{\376\377\0005\000\040\000S\000i\000m\000u\000l\000a\000\347\000\365\000e\000s\000\040\000e\000\040\000R\000e\000s\000u\000l\000t\000a\000d\000o\000s}{}% 11
\BOOKMARK [2][]{subsection.5.1}{\376\377\0005\000.\0001\000\040\000S\000i\000m\000u\000l\000a\000\347\000\343\000o\000\040\0001\000:\000\040\000C\000a\000r\000a\000c\000t\000e\000r\000\355\000s\000t\000i\000c\000a\000\040\000d\000e\000\040\000T\000r\000a\000n\000s\000f\000e\000r\000\352\000n\000c\000i\000a}{section.5}% 12
\BOOKMARK [3][]{subsubsection.5.1.1}{\376\377\0005\000.\0001\000.\0001\000\040\000O\000b\000j\000e\000t\000i\000v\000o\000\040\000E\000s\000p\000e\000c\000\355\000f\000i\000c\000o}{subsection.5.1}% 13
\BOOKMARK [3][]{subsubsection.5.1.2}{\376\377\0005\000.\0001\000.\0002\000\040\000S\000i\000g\000n\000i\000f\000i\000c\000a\000d\000o\000\040\000F\000\355\000s\000i\000c\000o\000\040\000e\000\040\000F\000u\000n\000d\000a\000m\000e\000n\000t\000a\000\347\000\343\000o\000\040\000T\000e\000\363\000r\000i\000c\000a}{subsection.5.1}% 14
\BOOKMARK [3][]{subsubsection.5.1.3}{\376\377\0005\000.\0001\000.\0003\000\040\000C\000o\000n\000f\000i\000g\000u\000r\000a\000\347\000\343\000o\000\040\000E\000x\000p\000e\000r\000i\000m\000e\000n\000t\000a\000l}{subsection.5.1}% 15
\BOOKMARK [3][]{subsubsection.5.1.4}{\376\377\0005\000.\0001\000.\0004\000\040\000R\000e\000s\000u\000l\000t\000a\000d\000o\000s\000\040\000e\000\040\000A\000n\000\341\000l\000i\000s\000e}{subsection.5.1}% 16
\BOOKMARK [3][]{subsubsection.5.1.5}{\376\377\0005\000.\0001\000.\0005\000\040\000D\000i\000s\000c\000u\000s\000s\000\343\000o\000\040\000e\000\040\000A\000n\000\341\000l\000i\000s\000e\000\040\000C\000r\000\355\000t\000i\000c\000a}{subsection.5.1}% 17
\BOOKMARK [3][]{subsubsection.5.1.6}{\376\377\0005\000.\0001\000.\0006\000\040\000C\000o\000n\000c\000l\000u\000s\000\343\000o\000\040\000P\000a\000r\000c\000i\000a\000l}{subsection.5.1}% 18
\BOOKMARK [2][]{subsection.5.2}{\376\377\0005\000.\0002\000\040\000S\000i\000m\000u\000l\000a\000\347\000\343\000o\000\040\0002\000:\000\040\000R\000e\000s\000p\000o\000s\000t\000a\000\040\000e\000m\000\040\000F\000r\000e\000q\000u\000\352\000n\000c\000i\000a}{section.5}% 19
\BOOKMARK [3][]{subsubsection.5.2.1}{\376\377\0005\000.\0002\000.\0001\000\040\000O\000b\000j\000e\000t\000i\000v\000o\000\040\000E\000s\000p\000e\000c\000\355\000f\000i\000c\000o}{subsection.5.2}% 20
\BOOKMARK [3][]{subsubsection.5.2.2}{\376\377\0005\000.\0002\000.\0002\000\040\000S\000i\000g\000n\000i\000f\000i\000c\000a\000d\000o\000\040\000F\000\355\000s\000i\000c\000o\000\040\000e\000\040\000F\000u\000n\000d\000a\000m\000e\000n\000t\000a\000\347\000\343\000o\000\040\000T\000e\000\363\000r\000i\000c\000a}{subsection.5.2}% 21
\BOOKMARK [3][]{subsubsection.5.2.3}{\376\377\0005\000.\0002\000.\0003\000\040\000C\000o\000n\000f\000i\000g\000u\000r\000a\000\347\000\343\000o\000\040\000E\000x\000p\000e\000r\000i\000m\000e\000n\000t\000a\000l}{subsection.5.2}% 22
\BOOKMARK [3][]{subsubsection.5.2.4}{\376\377\0005\000.\0002\000.\0004\000\040\000R\000e\000s\000u\000l\000t\000a\000d\000o\000s\000\040\000e\000\040\000A\000n\000\341\000l\000i\000s\000e}{subsection.5.2}% 23
\BOOKMARK [3][]{subsubsection.5.2.5}{\376\377\0005\000.\0002\000.\0005\000\040\000D\000i\000s\000c\000u\000s\000s\000\343\000o\000\040\000e\000\040\000A\000n\000\341\000l\000i\000s\000e\000\040\000C\000r\000\355\000t\000i\000c\000a}{subsection.5.2}% 24
\BOOKMARK [2][]{subsection.5.3}{\376\377\0005\000.\0003\000\040\000S\000i\000m\000u\000l\000a\000\347\000\343\000o\000\040\0003\000:\000\040\000A\000n\000\341\000l\000i\000s\000e\000\040\000d\000e\000\040\000S\000l\000e\000w\000\040\000R\000a\000t\000e}{section.5}% 25
\BOOKMARK [3][]{subsubsection.5.3.1}{\376\377\0005\000.\0003\000.\0001\000\040\000O\000b\000j\000e\000t\000i\000v\000o\000\040\000E\000s\000p\000e\000c\000\355\000f\000i\000c\000o}{subsection.5.3}% 26
\BOOKMARK [3][]{subsubsection.5.3.2}{\376\377\0005\000.\0003\000.\0002\000\040\000S\000i\000g\000n\000i\000f\000i\000c\000a\000d\000o\000\040\000F\000\355\000s\000i\000c\000o\000\040\000e\000\040\000F\000u\000n\000d\000a\000m\000e\000n\000t\000a\000\347\000\343\000o\000\040\000T\000e\000\363\000r\000i\000c\000a}{subsection.5.3}% 27
\BOOKMARK [3][]{subsubsection.5.3.3}{\376\377\0005\000.\0003\000.\0003\000\040\000C\000o\000n\000f\000i\000g\000u\000r\000a\000\347\000\343\000o\000\040\000E\000x\000p\000e\000r\000i\000m\000e\000n\000t\000a\000l}{subsection.5.3}% 28
\BOOKMARK [3][]{subsubsection.5.3.4}{\376\377\0005\000.\0003\000.\0004\000\040\000R\000e\000s\000u\000l\000t\000a\000d\000o\000s\000\040\000e\000\040\000A\000n\000\341\000l\000i\000s\000e}{subsection.5.3}% 29
\BOOKMARK [3][]{subsubsection.5.3.5}{\376\377\0005\000.\0003\000.\0005\000\040\000D\000i\000s\000c\000u\000s\000s\000\343\000o\000\040\000e\000\040\000A\000n\000\341\000l\000i\000s\000e\000\040\000C\000r\000\355\000t\000i\000c\000a}{subsection.5.3}% 30
\BOOKMARK [2][]{subsection.5.4}{\376\377\0005\000.\0004\000\040\000S\000i\000m\000u\000l\000a\000\347\000\343\000o\000\040\0004\000:\000\040\000A\000n\000\341\000l\000i\000s\000e\000\040\000d\000e\000\040\000R\000e\000j\000e\000i\000\347\000\343\000o\000\040\000e\000m\000\040\000M\000o\000d\000o\000\040\000C\000o\000m\000u\000m}{section.5}% 31
\BOOKMARK [3][]{subsubsection.5.4.1}{\376\377\0005\000.\0004\000.\0001\000\040\000O\000b\000j\000e\000t\000i\000v\000o\000\040\000E\000s\000p\000e\000c\000\355\000f\000i\000c\000o}{subsection.5.4}% 32
\BOOKMARK [3][]{subsubsection.5.4.2}{\376\377\0005\000.\0004\000.\0002\000\040\000S\000i\000g\000n\000i\000f\000i\000c\000a\000d\000o\000\040\000F\000\355\000s\000i\000c\000o\000\040\000e\000\040\000F\000u\000n\000d\000a\000m\000e\000n\000t\000a\000\347\000\343\000o\000\040\000T\000e\000\363\000r\000i\000c\000a}{subsection.5.4}% 33
\BOOKMARK [3][]{subsubsection.5.4.3}{\376\377\0005\000.\0004\000.\0003\000\040\000C\000o\000n\000f\000i\000g\000u\000r\000a\000\347\000\343\000o\000\040\000E\000x\000p\000e\000r\000i\000m\000e\000n\000t\000a\000l}{subsection.5.4}% 34
\BOOKMARK [3][]{subsubsection.5.4.4}{\376\377\0005\000.\0004\000.\0004\000\040\000R\000e\000s\000u\000l\000t\000a\000d\000o\000s\000\040\000e\000\040\000A\000n\000\341\000l\000i\000s\000e}{subsection.5.4}% 35
\BOOKMARK [3][]{subsubsection.5.4.5}{\376\377\0005\000.\0004\000.\0005\000\040\000D\000i\000s\000c\000u\000s\000s\000\343\000o\000\040\000e\000\040\000A\000n\000\341\000l\000i\000s\000e\000\040\000C\000r\000\355\000t\000i\000c\000a}{subsection.5.4}% 36
\BOOKMARK [2][]{subsection.5.5}{\376\377\0005\000.\0005\000\040\000S\000i\000m\000u\000l\000a\000\347\000\343\000o\000\040\0005\000:\000\040\000C\000o\000n\000s\000u\000m\000o\000\040\000d\000e\000\040\000E\000n\000e\000r\000g\000i\000a\000\040\000e\000\040\000E\000f\000i\000c\000i\000\352\000n\000c\000i\000a}{section.5}% 37
\BOOKMARK [3][]{subsubsection.5.5.1}{\376\377\0005\000.\0005\000.\0001\000\040\000O\000b\000j\000e\000t\000i\000v\000o\000\040\000E\000s\000p\000e\000c\000\355\000f\000i\000c\000o}{subsection.5.5}% 38
\BOOKMARK [3][]{subsubsection.5.5.2}{\376\377\0005\000.\0005\000.\0002\000\040\000S\000i\000g\000n\000i\000f\000i\000c\000a\000d\000o\000\040\000F\000\355\000s\000i\000c\000o\000\040\000e\000\040\000F\000u\000n\000d\000a\000m\000e\000n\000t\000a\000\347\000\343\000o\000\040\000T\000e\000\363\000r\000i\000c\000a}{subsection.5.5}% 39
\BOOKMARK [3][]{subsubsection.5.5.3}{\376\377\0005\000.\0005\000.\0003\000\040\000C\000o\000n\000f\000i\000g\000u\000r\000a\000\347\000\343\000o\000\040\000E\000x\000p\000e\000r\000i\000m\000e\000n\000t\000a\000l}{subsection.5.5}% 40
\BOOKMARK [3][]{subsubsection.5.5.4}{\376\377\0005\000.\0005\000.\0004\000\040\000R\000e\000s\000u\000l\000t\000a\000d\000o\000s\000\040\000e\000\040\000A\000n\000\341\000l\000i\000s\000e}{subsection.5.5}% 41
\BOOKMARK [3][]{subsubsection.5.5.5}{\376\377\0005\000.\0005\000.\0005\000\040\000D\000i\000s\000c\000u\000s\000s\000\343\000o\000\040\000e\000\040\000A\000n\000\341\000l\000i\000s\000e\000\040\000C\000r\000\355\000t\000i\000c\000a}{subsection.5.5}% 42
\BOOKMARK [1][]{section.6}{\376\377\0006\000\040\000C\000o\000n\000c\000l\000u\000s\000\365\000e\000s}{}% 43
\BOOKMARK [2][]{subsection.6.1}{\376\377\0006\000.\0001\000\040\000L\000i\000m\000i\000t\000a\000\347\000\365\000e\000s\000\040\000d\000o\000\040\000E\000s\000t\000u\000d\000o\000\040\000e\000\040\000T\000r\000a\000b\000a\000l\000h\000o\000\040\000F\000u\000t\000u\000r\000o}{section.6}% 44
\BOOKMARK [1][]{Item.22}{\376\377\000R\000e\000f\000e\000r\000\352\000n\000c\000i\000a\000s\000\040\000B\000i\000b\000l\000i\000o\000g\000r\000\341\000f\000i\000c\000a\000s}{}% 45
